2022-12-30 10:31:00,533:INFO:Initializing load_model()
2022-12-30 10:31:00,533:INFO:load_model(model_name=../models/gc, platform=None, authentication=None, verbose=True)
2022-12-30 10:31:13,296:INFO:Initializing predict_model()
2022-12-30 10:31:13,296:INFO:predict_model(estimator=Pipeline(steps=[('dtypes',
                 DataTypes_Auto_infer(ml_usecase='classification',
                                      target='gc')),
                ('imputer',
                 Simple_Imputer(categorical_strategy='not_available',
                                fill_value_categorical=None,
                                fill_value_numerical=None,
                                numeric_strategy='mean',
                                target_variable=None)),
                ('new_levels1',
                 New_Catagorical_Levels_in_TestData(replacement_strategy='least '
                                                                         'frequent',
                                                    target='...
                                                                          min_impurity_decrease=9.65123742451688e-09,
                                                                          min_samples_leaf=2,
                                                                          min_samples_split=9,
                                                                          n_estimators=174,
                                                                          random_state=856,
                                                                          subsample=0.5335653383577517)),
                                              ('dt',
                                               DecisionTreeClassifier(criterion='entropy',
                                                                      max_depth=10,
                                                                      max_features=0.5749842557891911,
                                                                      min_impurity_decrease=9.171562410758617e-07,
                                                                      min_samples_leaf=3,
                                                                      min_samples_split=5,
                                                                      random_state=856))],
                                  n_jobs=-1, voting='soft')]]), probability_threshold=0.3, encoded_labels=False, drift_report=False, raw_score=True, round=4, verbose=True, ml_usecase=MLUsecase.CLASSIFICATION, display=None, drift_kwargs=None)
2022-12-30 10:31:13,296:INFO:Checking exceptions
2022-12-30 10:31:13,296:INFO:Preloading libraries
2022-12-30 10:33:03,767:INFO:Initializing predict_model()
2022-12-30 10:33:03,768:INFO:predict_model(estimator=Pipeline(steps=[('dtypes',
                 DataTypes_Auto_infer(ml_usecase='classification',
                                      target='gc')),
                ('imputer',
                 Simple_Imputer(categorical_strategy='not_available',
                                fill_value_categorical=None,
                                fill_value_numerical=None,
                                numeric_strategy='mean',
                                target_variable=None)),
                ('new_levels1',
                 New_Catagorical_Levels_in_TestData(replacement_strategy='least '
                                                                         'frequent',
                                                    target='...
                                                                          min_impurity_decrease=9.65123742451688e-09,
                                                                          min_samples_leaf=2,
                                                                          min_samples_split=9,
                                                                          n_estimators=174,
                                                                          random_state=856,
                                                                          subsample=0.5335653383577517)),
                                              ('dt',
                                               DecisionTreeClassifier(criterion='entropy',
                                                                      max_depth=10,
                                                                      max_features=0.5749842557891911,
                                                                      min_impurity_decrease=9.171562410758617e-07,
                                                                      min_samples_leaf=3,
                                                                      min_samples_split=5,
                                                                      random_state=856))],
                                  n_jobs=-1, voting='soft')]]), probability_threshold=0.3, encoded_labels=False, drift_report=False, raw_score=True, round=4, verbose=True, ml_usecase=MLUsecase.CLASSIFICATION, display=None, drift_kwargs=None)
2022-12-30 10:33:03,768:INFO:Checking exceptions
2022-12-30 10:33:03,768:INFO:Preloading libraries
